#
# There is insufficient memory for the Java Runtime Environment to continue.
# Native memory allocation (malloc) failed to allocate 1228976 bytes. Error detail: Chunk::new
# Possible reasons:
#   The system is out of physical RAM or swap space
#   This process is running with CompressedOops enabled, and the Java Heap may be blocking the growth of the native heap
# Possible solutions:
#   Reduce memory load on the system
#   Increase physical memory or swap space
#   Check if swap backing store is full
#   Decrease Java heap size (-Xmx/-Xms)
#   Decrease number of Java threads
#   Decrease Java thread stack sizes (-Xss)
#   Set larger code cache with -XX:ReservedCodeCacheSize=
#   JVM is running with Zero Based Compressed Oops mode in which the Java heap is
#     placed in the first 32GB address space. The Java Heap base address is the
#     maximum limit for the native heap growth. Please use -XX:HeapBaseMinAddress
#     to set the Java Heap base and to place the Java Heap above 32GB virtual address.
# This output file may be truncated or incomplete.
#
#  Out of Memory Error (arena.cpp:168), pid=21880, tid=13828
#
# JRE version: OpenJDK Runtime Environment JBR-21.0.6+9-895.109-jcef (21.0.6+9) (build 21.0.6+9-b895.109)
# Java VM: OpenJDK 64-Bit Server VM JBR-21.0.6+9-895.109-jcef (21.0.6+9-b895.109, mixed mode, sharing, tiered, compressed oops, compressed class ptrs, g1 gc, windows-amd64)
# No core dump will be written. Minidumps are not enabled by default on client versions of Windows
#

---------------  S U M M A R Y ------------

Command Line: git4idea.http.GitAskPassApp Username for 'https://github.com': 

Host: Intel(R) Core(TM) i7-6700HQ CPU @ 2.60GHz, 8 cores, 15G,  Windows 10 , 64 bit Build 19041 (10.0.19041.5678)
Time: Wed May 14 15:32:59 2025 RTZ 3 (s 10 , 64 bit Build 19041 (10.0.19041.5678) elapsed time: 2.647011 seconds (0d 0h 0m 2s)

---------------  T H R E A D  ---------------

Current thread (0x000001b7ff220220):  JavaThread "C2 CompilerThread2" daemon [_thread_in_native, id=13828, stack(0x000000b597a00000,0x000000b597b00000) (1024K)]


Current CompileTask:
C2:2647 1071       4       sun.security.ec.ECOperations::setDouble (463 bytes)

Stack: [0x000000b597a00000,0x000000b597b00000]
Native frames: (J=compiled Java code, j=interpreted, Vv=VM code, C=native code)
V  [jvm.dll+0x6e5cb9]
V  [jvm.dll+0x8c4113]
V  [jvm.dll+0x8c666e]
V  [jvm.dll+0x8c6d53]
V  [jvm.dll+0x288f76]
V  [jvm.dll+0xc66dd]
V  [jvm.dll+0xc6c13]
V  [jvm.dll+0x3c46e1]
V  [jvm.dll+0x3902f7]
V  [jvm.dll+0x38f76a]
V  [jvm.dll+0x2507c2]
V  [jvm.dll+0x24fd91]
V  [jvm.dll+0x1cd6c4]
V  [jvm.dll+0x25f60c]
V  [jvm.dll+0x25db56]
V  [jvm.dll+0x3ff796]
V  [jvm.dll+0x86bc68]
V  [jvm.dll+0x6e44bd]
C  [ucrtbase.dll+0x21bb2]
C  [KERNEL32.DLL+0x17374]
C  [ntdll.dll+0x4cc91]


---------------  P R O C E S S  ---------------

Threads class SMR info:
_java_thread_list=0x000001b7ff1501c0, length=16, elements={
0x000001b7ebff1800, 0x000001b7f9fc4d30, 0x000001b7f9fc5c40, 0x000001b7f9fc7c80,
0x000001b7f9fca6e0, 0x000001b7f9fcd140, 0x000001b7f9fcdb90, 0x000001b7f9fd9e20,
0x000001b7f9fdecd0, 0x000001b7fa254650, 0x000001b7fa276a70, 0x000001b7ff0e1550,
0x000001b7ff141f70, 0x000001b7ff15c820, 0x000001b7ff29f190, 0x000001b7ff220220
}

Java Threads: ( => current thread )
  0x000001b7ebff1800 JavaThread "main"                              [_thread_blocked, id=15256, stack(0x000000b596300000,0x000000b596400000) (1024K)]
  0x000001b7f9fc4d30 JavaThread "Reference Handler"          daemon [_thread_blocked, id=17056, stack(0x000000b596b00000,0x000000b596c00000) (1024K)]
  0x000001b7f9fc5c40 JavaThread "Finalizer"                  daemon [_thread_blocked, id=10552, stack(0x000000b596c00000,0x000000b596d00000) (1024K)]
  0x000001b7f9fc7c80 JavaThread "Signal Dispatcher"          daemon [_thread_blocked, id=18028, stack(0x000000b596d00000,0x000000b596e00000) (1024K)]
  0x000001b7f9fca6e0 JavaThread "Attach Listener"            daemon [_thread_blocked, id=4016, stack(0x000000b596e00000,0x000000b596f00000) (1024K)]
  0x000001b7f9fcd140 JavaThread "Service Thread"             daemon [_thread_blocked, id=10356, stack(0x000000b596f00000,0x000000b597000000) (1024K)]
  0x000001b7f9fcdb90 JavaThread "Monitor Deflation Thread"   daemon [_thread_blocked, id=6396, stack(0x000000b597000000,0x000000b597100000) (1024K)]
  0x000001b7f9fd9e20 JavaThread "C2 CompilerThread0"         daemon [_thread_blocked, id=1936, stack(0x000000b597100000,0x000000b597200000) (1024K)]
  0x000001b7f9fdecd0 JavaThread "C1 CompilerThread0"         daemon [_thread_blocked, id=12100, stack(0x000000b597200000,0x000000b597300000) (1024K)]
  0x000001b7fa254650 JavaThread "Notification Thread"        daemon [_thread_blocked, id=24988, stack(0x000000b597300000,0x000000b597400000) (1024K)]
  0x000001b7fa276a70 JavaThread "Common-Cleaner"             daemon [_thread_blocked, id=12408, stack(0x000000b597400000,0x000000b597500000) (1024K)]
  0x000001b7ff0e1550 JavaThread "HttpClient-1-SelectorManager" daemon [_thread_in_native, id=13048, stack(0x000000b597500000,0x000000b597600000) (1024K)]
  0x000001b7ff141f70 JavaThread "HttpClient-1-Worker-0"      daemon [_thread_blocked, id=16304, stack(0x000000b597700000,0x000000b597800000) (1024K)]
  0x000001b7ff15c820 JavaThread "HttpClient-1-Worker-1"      daemon [_thread_blocked, id=21588, stack(0x000000b597800000,0x000000b597900000) (1024K)]
  0x000001b7ff29f190 JavaThread "C2 CompilerThread1"         daemon [_thread_blocked, id=3380, stack(0x000000b597900000,0x000000b597a00000) (1024K)]
=>0x000001b7ff220220 JavaThread "C2 CompilerThread2"         daemon [_thread_in_native, id=13828, stack(0x000000b597a00000,0x000000b597b00000) (1024K)]
Total: 16

Other Threads:
  0x000001b7f9fa7190 VMThread "VM Thread"                           [id=23032, stack(0x000000b596a00000,0x000000b596b00000) (1024K)]
  0x000001b7f9f94a50 WatcherThread "VM Periodic Task Thread"        [id=2028, stack(0x000000b596900000,0x000000b596a00000) (1024K)]
  0x000001b7ee2b58f0 WorkerThread "GC Thread#0"                     [id=22868, stack(0x000000b596400000,0x000000b596500000) (1024K)]
  0x000001b7ee2c7910 ConcurrentGCThread "G1 Main Marker"            [id=6184, stack(0x000000b596500000,0x000000b596600000) (1024K)]
  0x000001b7ee2c93c0 WorkerThread "G1 Conc#0"                       [id=14136, stack(0x000000b596600000,0x000000b596700000) (1024K)]
  0x000001b7f9e36990 ConcurrentGCThread "G1 Refine#0"               [id=22416, stack(0x000000b596700000,0x000000b596800000) (1024K)]
  0x000001b7f9e37310 ConcurrentGCThread "G1 Service"                [id=8024, stack(0x000000b596800000,0x000000b596900000) (1024K)]
Total: 7

Threads with active compile tasks:
C2 CompilerThread2  2849 1071       4       sun.security.ec.ECOperations::setDouble (463 bytes)
Total: 1

VM state: not at safepoint (normal execution)

VM Mutex/Monitor currently owned by a thread: None

Heap address: 0x0000000701800000, size: 4072 MB, Compressed Oops mode: Zero based, Oop shift amount: 3

CDS archive(s) mapped at: [0x000001b78f000000-0x000001b78fd00000-0x000001b78fd00000), size 13631488, SharedBaseAddress: 0x000001b78f000000, ArchiveRelocationMode: 1.
Compressed class space mapped at: 0x000001b790000000-0x000001b7d0000000, reserved size: 1073741824
Narrow klass base: 0x000001b78f000000, Narrow klass shift: 0, Narrow klass range: 0x100000000

GC Precious Log:
 CardTable entry size: 512
 Card Set container configuration: InlinePtr #cards 4 size 8 Array Of Cards #cards 16 size 48 Howl #buckets 8 coarsen threshold 3686 Howl Bitmap #cards 512 size 80 coarsen threshold 460 Card regions per heap region 1 cards per card region 4096
 CPUs: 8 total, 8 available
 Memory: 16282M
 Large Page Support: Disabled
 NUMA Support: Disabled
 Compressed Oops: Enabled (Zero based)
 Heap Region Size: 2M
 Heap Min Capacity: 8M
 Heap Initial Capacity: 256M
 Heap Max Capacity: 4072M
 Pre-touch: Disabled
 Parallel Workers: 8
 Concurrent Workers: 2
 Concurrent Refinement Workers: 8
 Periodic GC: Disabled

Heap:
 garbage-first heap   total 262144K, used 14336K [0x0000000701800000, 0x0000000800000000)
  region size 2048K, 8 young (16384K), 0 survivors (0K)
 Metaspace       used 8469K, committed 8768K, reserved 1114112K
  class space    used 979K, committed 1088K, reserved 1048576K

Heap Regions: E=young(eden), S=young(survivor), O=old, HS=humongous(starts), HC=humongous(continues), CS=collection set, F=free, TAMS=top-at-mark-start, PB=parsable bottom
|   0|0x0000000701800000, 0x0000000701800000, 0x0000000701a00000|  0%| F|  |TAMS 0x0000000701800000| PB 0x0000000701800000| Untracked 
|   1|0x0000000701a00000, 0x0000000701a00000, 0x0000000701c00000|  0%| F|  |TAMS 0x0000000701a00000| PB 0x0000000701a00000| Untracked 
|   2|0x0000000701c00000, 0x0000000701c00000, 0x0000000701e00000|  0%| F|  |TAMS 0x0000000701c00000| PB 0x0000000701c00000| Untracked 
|   3|0x0000000701e00000, 0x0000000701e00000, 0x0000000702000000|  0%| F|  |TAMS 0x0000000701e00000| PB 0x0000000701e00000| Untracked 
|   4|0x0000000702000000, 0x0000000702000000, 0x0000000702200000|  0%| F|  |TAMS 0x0000000702000000| PB 0x0000000702000000| Untracked 
|   5|0x0000000702200000, 0x0000000702200000, 0x0000000702400000|  0%| F|  |TAMS 0x0000000702200000| PB 0x0000000702200000| Untracked 
|   6|0x0000000702400000, 0x0000000702400000, 0x0000000702600000|  0%| F|  |TAMS 0x0000000702400000| PB 0x0000000702400000| Untracked 
|   7|0x0000000702600000, 0x0000000702600000, 0x0000000702800000|  0%| F|  |TAMS 0x0000000702600000| PB 0x0000000702600000| Untracked 
|   8|0x0000000702800000, 0x0000000702800000, 0x0000000702a00000|  0%| F|  |TAMS 0x0000000702800000| PB 0x0000000702800000| Untracked 
|   9|0x0000000702a00000, 0x0000000702a00000, 0x0000000702c00000|  0%| F|  |TAMS 0x0000000702a00000| PB 0x0000000702a00000| Untracked 
|  10|0x0000000702c00000, 0x0000000702c00000, 0x0000000702e00000|  0%| F|  |TAMS 0x0000000702c00000| PB 0x0000000702c00000| Untracked 
|  11|0x0000000702e00000, 0x0000000702e00000, 0x0000000703000000|  0%| F|  |TAMS 0x0000000702e00000| PB 0x0000000702e00000| Untracked 
|  12|0x0000000703000000, 0x0000000703000000, 0x0000000703200000|  0%| F|  |TAMS 0x0000000703000000| PB 0x0000000703000000| Untracked 
|  13|0x0000000703200000, 0x0000000703200000, 0x0000000703400000|  0%| F|  |TAMS 0x0000000703200000| PB 0x0000000703200000| Untracked 
|  14|0x0000000703400000, 0x0000000703400000, 0x0000000703600000|  0%| F|  |TAMS 0x0000000703400000| PB 0x0000000703400000| Untracked 
|  15|0x0000000703600000, 0x0000000703600000, 0x0000000703800000|  0%| F|  |TAMS 0x0000000703600000| PB 0x0000000703600000| Untracked 
|  16|0x0000000703800000, 0x0000000703800000, 0x0000000703a00000|  0%| F|  |TAMS 0x0000000703800000| PB 0x0000000703800000| Untracked 
|  17|0x0000000703a00000, 0x0000000703a00000, 0x0000000703c00000|  0%| F|  |TAMS 0x0000000703a00000| PB 0x0000000703a00000| Untracked 
|  18|0x0000000703c00000, 0x0000000703c00000, 0x0000000703e00000|  0%| F|  |TAMS 0x0000000703c00000| PB 0x0000000703c00000| Untracked 
|  19|0x0000000703e00000, 0x0000000703e00000, 0x0000000704000000|  0%| F|  |TAMS 0x0000000703e00000| PB 0x0000000703e00000| Untracked 
|  20|0x0000000704000000, 0x0000000704000000, 0x0000000704200000|  0%| F|  |TAMS 0x0000000704000000| PB 0x0000000704000000| Untracked 
|  21|0x0000000704200000, 0x0000000704200000, 0x0000000704400000|  0%| F|  |TAMS 0x0000000704200000| PB 0x0000000704200000| Untracked 
|  22|0x0000000704400000, 0x0000000704400000, 0x0000000704600000|  0%| F|  |TAMS 0x0000000704400000| PB 0x0000000704400000| Untracked 
|  23|0x0000000704600000, 0x0000000704600000, 0x0000000704800000|  0%| F|  |TAMS 0x0000000704600000| PB 0x0000000704600000| Untracked 
|  24|0x0000000704800000, 0x0000000704800000, 0x0000000704a00000|  0%| F|  |TAMS 0x0000000704800000| PB 0x0000000704800000| Untracked 
|  25|0x0000000704a00000, 0x0000000704a00000, 0x0000000704c00000|  0%| F|  |TAMS 0x0000000704a00000| PB 0x0000000704a00000| Untracked 
|  26|0x0000000704c00000, 0x0000000704c00000, 0x0000000704e00000|  0%| F|  |TAMS 0x0000000704c00000| PB 0x0000000704c00000| Untracked 
|  27|0x0000000704e00000, 0x0000000704e00000, 0x0000000705000000|  0%| F|  |TAMS 0x0000000704e00000| PB 0x0000000704e00000| Untracked 
|  28|0x0000000705000000, 0x0000000705000000, 0x0000000705200000|  0%| F|  |TAMS 0x0000000705000000| PB 0x0000000705000000| Untracked 
|  29|0x0000000705200000, 0x0000000705200000, 0x0000000705400000|  0%| F|  |TAMS 0x0000000705200000| PB 0x0000000705200000| Untracked 
|  30|0x0000000705400000, 0x0000000705400000, 0x0000000705600000|  0%| F|  |TAMS 0x0000000705400000| PB 0x0000000705400000| Untracked 
|  31|0x0000000705600000, 0x0000000705600000, 0x0000000705800000|  0%| F|  |TAMS 0x0000000705600000| PB 0x0000000705600000| Untracked 
|  32|0x0000000705800000, 0x0000000705800000, 0x0000000705a00000|  0%| F|  |TAMS 0x0000000705800000| PB 0x0000000705800000| Untracked 
|  33|0x0000000705a00000, 0x0000000705a00000, 0x0000000705c00000|  0%| F|  |TAMS 0x0000000705a00000| PB 0x0000000705a00000| Untracked 
|  34|0x0000000705c00000, 0x0000000705c00000, 0x0000000705e00000|  0%| F|  |TAMS 0x0000000705c00000| PB 0x0000000705c00000| Untracked 
|  35|0x0000000705e00000, 0x0000000705e00000, 0x0000000706000000|  0%| F|  |TAMS 0x0000000705e00000| PB 0x0000000705e00000| Untracked 
|  36|0x0000000706000000, 0x0000000706000000, 0x0000000706200000|  0%| F|  |TAMS 0x0000000706000000| PB 0x0000000706000000| Untracked 
|  37|0x0000000706200000, 0x0000000706200000, 0x0000000706400000|  0%| F|  |TAMS 0x0000000706200000| PB 0x0000000706200000| Untracked 
|  38|0x0000000706400000, 0x0000000706400000, 0x0000000706600000|  0%| F|  |TAMS 0x0000000706400000| PB 0x0000000706400000| Untracked 
|  39|0x0000000706600000, 0x0000000706600000, 0x0000000706800000|  0%| F|  |TAMS 0x0000000706600000| PB 0x0000000706600000| Untracked 
|  40|0x0000000706800000, 0x0000000706800000, 0x0000000706a00000|  0%| F|  |TAMS 0x0000000706800000| PB 0x0000000706800000| Untracked 
|  41|0x0000000706a00000, 0x0000000706a00000, 0x0000000706c00000|  0%| F|  |TAMS 0x0000000706a00000| PB 0x0000000706a00000| Untracked 
|  42|0x0000000706c00000, 0x0000000706c00000, 0x0000000706e00000|  0%| F|  |TAMS 0x0000000706c00000| PB 0x0000000706c00000| Untracked 
|  43|0x0000000706e00000, 0x0000000706e00000, 0x0000000707000000|  0%| F|  |TAMS 0x0000000706e00000| PB 0x0000000706e00000| Untracked 
|  44|0x0000000707000000, 0x0000000707000000, 0x0000000707200000|  0%| F|  |TAMS 0x0000000707000000| PB 0x0000000707000000| Untracked 
|  45|0x0000000707200000, 0x0000000707200000, 0x0000000707400000|  0%| F|  |TAMS 0x0000000707200000| PB 0x0000000707200000| Untracked 
|  46|0x0000000707400000, 0x0000000707400000, 0x0000000707600000|  0%| F|  |TAMS 0x0000000707400000| PB 0x0000000707400000| Untracked 
|  47|0x0000000707600000, 0x0000000707600000, 0x0000000707800000|  0%| F|  |TAMS 0x0000000707600000| PB 0x0000000707600000| Untracked 
|  48|0x0000000707800000, 0x0000000707800000, 0x0000000707a00000|  0%| F|  |TAMS 0x0000000707800000| PB 0x0000000707800000| Untracked 
|  49|0x0000000707a00000, 0x0000000707a00000, 0x0000000707c00000|  0%| F|  |TAMS 0x0000000707a00000| PB 0x0000000707a00000| Untracked 
|  50|0x0000000707c00000, 0x0000000707c00000, 0x0000000707e00000|  0%| F|  |TAMS 0x0000000707c00000| PB 0x0000000707c00000| Untracked 
|  51|0x0000000707e00000, 0x0000000707e00000, 0x0000000708000000|  0%| F|  |TAMS 0x0000000707e00000| PB 0x0000000707e00000| Untracked 
|  52|0x0000000708000000, 0x0000000708000000, 0x0000000708200000|  0%| F|  |TAMS 0x0000000708000000| PB 0x0000000708000000| Untracked 
|  53|0x0000000708200000, 0x0000000708200000, 0x0000000708400000|  0%| F|  |TAMS 0x0000000708200000| PB 0x0000000708200000| Untracked 
|  54|0x0000000708400000, 0x0000000708400000, 0x0000000708600000|  0%| F|  |TAMS 0x0000000708400000| PB 0x0000000708400000| Untracked 
|  55|0x0000000708600000, 0x0000000708600000, 0x0000000708800000|  0%| F|  |TAMS 0x0000000708600000| PB 0x0000000708600000| Untracked 
|  56|0x0000000708800000, 0x0000000708800000, 0x0000000708a00000|  0%| F|  |TAMS 0x0000000708800000| PB 0x0000000708800000| Untracked 
|  57|0x0000000708a00000, 0x0000000708a00000, 0x0000000708c00000|  0%| F|  |TAMS 0x0000000708a00000| PB 0x0000000708a00000| Untracked 
|  58|0x0000000708c00000, 0x0000000708c00000, 0x0000000708e00000|  0%| F|  |TAMS 0x0000000708c00000| PB 0x0000000708c00000| Untracked 
|  59|0x0000000708e00000, 0x0000000708e00000, 0x0000000709000000|  0%| F|  |TAMS 0x0000000708e00000| PB 0x0000000708e00000| Untracked 
|  60|0x0000000709000000, 0x0000000709000000, 0x0000000709200000|  0%| F|  |TAMS 0x0000000709000000| PB 0x0000000709000000| Untracked 
|  61|0x0000000709200000, 0x0000000709200000, 0x0000000709400000|  0%| F|  |TAMS 0x0000000709200000| PB 0x0000000709200000| Untracked 
|  62|0x0000000709400000, 0x0000000709400000, 0x0000000709600000|  0%| F|  |TAMS 0x0000000709400000| PB 0x0000000709400000| Untracked 
|  63|0x0000000709600000, 0x0000000709600000, 0x0000000709800000|  0%| F|  |TAMS 0x0000000709600000| PB 0x0000000709600000| Untracked 
|  64|0x0000000709800000, 0x0000000709800000, 0x0000000709a00000|  0%| F|  |TAMS 0x0000000709800000| PB 0x0000000709800000| Untracked 
|  65|0x0000000709a00000, 0x0000000709a00000, 0x0000000709c00000|  0%| F|  |TAMS 0x0000000709a00000| PB 0x0000000709a00000| Untracked 
|  66|0x0000000709c00000, 0x0000000709c00000, 0x0000000709e00000|  0%| F|  |TAMS 0x0000000709c00000| PB 0x0000000709c00000| Untracked 
|  67|0x0000000709e00000, 0x0000000709e00000, 0x000000070a000000|  0%| F|  |TAMS 0x0000000709e00000| PB 0x0000000709e00000| Untracked 
|  68|0x000000070a000000, 0x000000070a000000, 0x000000070a200000|  0%| F|  |TAMS 0x000000070a000000| PB 0x000000070a000000| Untracked 
|  69|0x000000070a200000, 0x000000070a200000, 0x000000070a400000|  0%| F|  |TAMS 0x000000070a200000| PB 0x000000070a200000| Untracked 
|  70|0x000000070a400000, 0x000000070a400000, 0x000000070a600000|  0%| F|  |TAMS 0x000000070a400000| PB 0x000000070a400000| Untracked 
|  71|0x000000070a600000, 0x000000070a600000, 0x000000070a800000|  0%| F|  |TAMS 0x000000070a600000| PB 0x000000070a600000| Untracked 
|  72|0x000000070a800000, 0x000000070a800000, 0x000000070aa00000|  0%| F|  |TAMS 0x000000070a800000| PB 0x000000070a800000| Untracked 
|  73|0x000000070aa00000, 0x000000070aa00000, 0x000000070ac00000|  0%| F|  |TAMS 0x000000070aa00000| PB 0x000000070aa00000| Untracked 
|  74|0x000000070ac00000, 0x000000070ac00000, 0x000000070ae00000|  0%| F|  |TAMS 0x000000070ac00000| PB 0x000000070ac00000| Untracked 
|  75|0x000000070ae00000, 0x000000070ae00000, 0x000000070b000000|  0%| F|  |TAMS 0x000000070ae00000| PB 0x000000070ae00000| Untracked 
|  76|0x000000070b000000, 0x000000070b000000, 0x000000070b200000|  0%| F|  |TAMS 0x000000070b000000| PB 0x000000070b000000| Untracked 
|  77|0x000000070b200000, 0x000000070b200000, 0x000000070b400000|  0%| F|  |TAMS 0x000000070b200000| PB 0x000000070b200000| Untracked 
|  78|0x000000070b400000, 0x000000070b400000, 0x000000070b600000|  0%| F|  |TAMS 0x000000070b400000| PB 0x000000070b400000| Untracked 
|  79|0x000000070b600000, 0x000000070b600000, 0x000000070b800000|  0%| F|  |TAMS 0x000000070b600000| PB 0x000000070b600000| Untracked 
|  80|0x000000070b800000, 0x000000070b800000, 0x000000070ba00000|  0%| F|  |TAMS 0x000000070b800000| PB 0x000000070b800000| Untracked 
|  81|0x000000070ba00000, 0x000000070ba00000, 0x000000070bc00000|  0%| F|  |TAMS 0x000000070ba00000| PB 0x000000070ba00000| Untracked 
|  82|0x000000070bc00000, 0x000000070bc00000, 0x000000070be00000|  0%| F|  |TAMS 0x000000070bc00000| PB 0x000000070bc00000| Untracked 
|  83|0x000000070be00000, 0x000000070be00000, 0x000000070c000000|  0%| F|  |TAMS 0x000000070be00000| PB 0x000000070be00000| Untracked 
|  84|0x000000070c000000, 0x000000070c000000, 0x000000070c200000|  0%| F|  |TAMS 0x000000070c000000| PB 0x000000070c000000| Untracked 
|  85|0x000000070c200000, 0x000000070c200000, 0x000000070c400000|  0%| F|  |TAMS 0x000000070c200000| PB 0x000000070c200000| Untracked 
|  86|0x000000070c400000, 0x000000070c400000, 0x000000070c600000|  0%| F|  |TAMS 0x000000070c400000| PB 0x000000070c400000| Untracked 
|  87|0x000000070c600000, 0x000000070c600000, 0x000000070c800000|  0%| F|  |TAMS 0x000000070c600000| PB 0x000000070c600000| Untracked 
|  88|0x000000070c800000, 0x000000070c800000, 0x000000070ca00000|  0%| F|  |TAMS 0x000000070c800000| PB 0x000000070c800000| Untracked 
|  89|0x000000070ca00000, 0x000000070ca00000, 0x000000070cc00000|  0%| F|  |TAMS 0x000000070ca00000| PB 0x000000070ca00000| Untracked 
|  90|0x000000070cc00000, 0x000000070cc00000, 0x000000070ce00000|  0%| F|  |TAMS 0x000000070cc00000| PB 0x000000070cc00000| Untracked 
|  91|0x000000070ce00000, 0x000000070ce00000, 0x000000070d000000|  0%| F|  |TAMS 0x000000070ce00000| PB 0x000000070ce00000| Untracked 
|  92|0x000000070d000000, 0x000000070d000000, 0x000000070d200000|  0%| F|  |TAMS 0x000000070d000000| PB 0x000000070d000000| Untracked 
|  93|0x000000070d200000, 0x000000070d200000, 0x000000070d400000|  0%| F|  |TAMS 0x000000070d200000| PB 0x000000070d200000| Untracked 
|  94|0x000000070d400000, 0x000000070d400000, 0x000000070d600000|  0%| F|  |TAMS 0x000000070d400000| PB 0x000000070d400000| Untracked 
|  95|0x000000070d600000, 0x000000070d600000, 0x000000070d800000|  0%| F|  |TAMS 0x000000070d600000| PB 0x000000070d600000| Untracked 
|  96|0x000000070d800000, 0x000000070d800000, 0x000000070da00000|  0%| F|  |TAMS 0x000000070d800000| PB 0x000000070d800000| Untracked 
|  97|0x000000070da00000, 0x000000070da00000, 0x000000070dc00000|  0%| F|  |TAMS 0x000000070da00000| PB 0x000000070da00000| Untracked 
|  98|0x000000070dc00000, 0x000000070dc00000, 0x000000070de00000|  0%| F|  |TAMS 0x000000070dc00000| PB 0x000000070dc00000| Untracked 
|  99|0x000000070de00000, 0x000000070de00000, 0x000000070e000000|  0%| F|  |TAMS 0x000000070de00000| PB 0x000000070de00000| Untracked 
| 100|0x000000070e000000, 0x000000070e000000, 0x000000070e200000|  0%| F|  |TAMS 0x000000070e000000| PB 0x000000070e000000| Untracked 
| 101|0x000000070e200000, 0x000000070e200000, 0x000000070e400000|  0%| F|  |TAMS 0x000000070e200000| PB 0x000000070e200000| Untracked 
| 102|0x000000070e400000, 0x000000070e400000, 0x000000070e600000|  0%| F|  |TAMS 0x000000070e400000| PB 0x000000070e400000| Untracked 
| 103|0x000000070e600000, 0x000000070e600000, 0x000000070e800000|  0%| F|  |TAMS 0x000000070e600000| PB 0x000000070e600000| Untracked 
| 104|0x000000070e800000, 0x000000070e800000, 0x000000070ea00000|  0%| F|  |TAMS 0x000000070e800000| PB 0x000000070e800000| Untracked 
| 105|0x000000070ea00000, 0x000000070ea00000, 0x000000070ec00000|  0%| F|  |TAMS 0x000000070ea00000| PB 0x000000070ea00000| Untracked 
| 106|0x000000070ec00000, 0x000000070ec00000, 0x000000070ee00000|  0%| F|  |TAMS 0x000000070ec00000| PB 0x000000070ec00000| Untracked 
| 107|0x000000070ee00000, 0x000000070ee00000, 0x000000070f000000|  0%| F|  |TAMS 0x000000070ee00000| PB 0x000000070ee00000| Untracked 
| 108|0x000000070f000000, 0x000000070f000000, 0x000000070f200000|  0%| F|  |TAMS 0x000000070f000000| PB 0x000000070f000000| Untracked 
| 109|0x000000070f200000, 0x000000070f200000, 0x000000070f400000|  0%| F|  |TAMS 0x000000070f200000| PB 0x000000070f200000| Untracked 
| 110|0x000000070f400000, 0x000000070f400000, 0x000000070f600000|  0%| F|  |TAMS 0x000000070f400000| PB 0x000000070f400000| Untracked 
| 111|0x000000070f600000, 0x000000070f600000, 0x000000070f800000|  0%| F|  |TAMS 0x000000070f600000| PB 0x000000070f600000| Untracked 
| 112|0x000000070f800000, 0x000000070f800000, 0x000000070fa00000|  0%| F|  |TAMS 0x000000070f800000| PB 0x000000070f800000| Untracked 
| 113|0x000000070fa00000, 0x000000070fa00000, 0x000000070fc00000|  0%| F|  |TAMS 0x000000070fa00000| PB 0x000000070fa00000| Untracked 
| 114|0x000000070fc00000, 0x000000070fc00000, 0x000000070fe00000|  0%| F|  |TAMS 0x000000070fc00000| PB 0x000000070fc00000| Untracked 
| 115|0x000000070fe00000, 0x000000070fe00000, 0x0000000710000000|  0%| F|  |TAMS 0x000000070fe00000| PB 0x000000070fe00000| Untracked 
| 116|0x0000000710000000, 0x0000000710000000, 0x0000000710200000|  0%| F|  |TAMS 0x0000000710000000| PB 0x0000000710000000| Untracked 
| 117|0x0000000710200000, 0x0000000710200000, 0x0000000710400000|  0%| F|  |TAMS 0x0000000710200000| PB 0x0000000710200000| Untracked 
| 118|0x0000000710400000, 0x0000000710400000, 0x0000000710600000|  0%| F|  |TAMS 0x0000000710400000| PB 0x0000000710400000| Untracked 
| 119|0x0000000710600000, 0x0000000710600000, 0x0000000710800000|  0%| F|  |TAMS 0x0000000710600000| PB 0x0000000710600000| Untracked 
| 120|0x0000000710800000, 0x0000000710a00000, 0x0000000710a00000|100%| E|  |TAMS 0x0000000710800000| PB 0x0000000710800000| Complete 
| 121|0x0000000710a00000, 0x0000000710c00000, 0x0000000710c00000|100%| E|CS|TAMS 0x0000000710a00000| PB 0x0000000710a00000| Complete 
| 122|0x0000000710c00000, 0x0000000710e00000, 0x0000000710e00000|100%| E|CS|TAMS 0x0000000710c00000| PB 0x0000000710c00000| Complete 
| 123|0x0000000710e00000, 0x0000000711000000, 0x0000000711000000|100%| E|CS|TAMS 0x0000000710e00000| PB 0x0000000710e00000| Complete 
| 124|0x0000000711000000, 0x0000000711200000, 0x0000000711200000|100%| E|CS|TAMS 0x0000000711000000| PB 0x0000000711000000| Complete 
| 125|0x0000000711200000, 0x0000000711400000, 0x0000000711400000|100%| E|CS|TAMS 0x0000000711200000| PB 0x0000000711200000| Complete 
| 126|0x0000000711400000, 0x0000000711600000, 0x0000000711600000|100%| E|CS|TAMS 0x0000000711400000| PB 0x0000000711400000| Complete 
| 127|0x0000000711600000, 0x0000000711800000, 0x0000000711800000|100%| E|CS|TAMS 0x0000000711600000| PB 0x0000000711600000| Complete 

Card table byte_map: [0x000001b7f2dc0000,0x000001b7f35c0000] _byte_map_base: 0x000001b7ef5b4000

Marking Bits: (CMBitMap*) 0x000001b7ee2b5ff0
 Bits: [0x000001b7f35c0000, 0x000001b7f7560000)

Polling page: 0x000001b7ec2e0000

Metaspace:

Usage:
  Non-class:      7.31 MB used.
      Class:    979.48 KB used.
       Both:      8.27 MB used.

Virtual space:
  Non-class space:       64.00 MB reserved,       7.50 MB ( 12%) committed,  1 nodes.
      Class space:        1.00 GB reserved,       1.06 MB ( <1%) committed,  1 nodes.
             Both:        1.06 GB reserved,       8.56 MB ( <1%) committed. 

Chunk freelists:
   Non-Class:  8.17 MB
       Class:  14.95 MB
        Both:  23.12 MB

MaxMetaspaceSize: unlimited
CompressedClassSpaceSize: 1.00 GB
Initial GC threshold: 21.00 MB
Current GC threshold: 21.00 MB
CDS: on
 - commit_granule_bytes: 65536.
 - commit_granule_words: 8192.
 - virtual_space_node_default_size: 8388608.
 - enlarge_chunks_in_place: 1.
 - use_allocation_guard: 0.


Internal statistics:

num_allocs_failed_limit: 0.
num_arena_births: 240.
num_arena_deaths: 0.
num_vsnodes_births: 2.
num_vsnodes_deaths: 0.
num_space_committed: 137.
num_space_uncommitted: 0.
num_chunks_returned_to_freelist: 0.
num_chunks_taken_from_freelist: 398.
num_chunk_merges: 0.
num_chunk_splits: 237.
num_chunks_enlarged: 117.
num_inconsistent_stats: 0.

CodeHeap 'non-profiled nmethods': size=120000Kb used=390Kb max_used=390Kb free=119610Kb
 bounds [0x000001b787ad0000, 0x000001b787d40000, 0x000001b78f000000]
CodeHeap 'profiled nmethods': size=120000Kb used=1785Kb max_used=1785Kb free=118214Kb
 bounds [0x000001b780000000, 0x000001b780270000, 0x000001b787530000]
CodeHeap 'non-nmethods': size=5760Kb used=1425Kb max_used=1453Kb free=4334Kb
 bounds [0x000001b787530000, 0x000001b7877a0000, 0x000001b787ad0000]
 total_blobs=1635 nmethods=1123 adapters=417
 compilation: enabled
              stopped_count=0, restarted_count=0
 full_count=0

Compilation events (20 events):
Event: 2.499 Thread 0x000001b7f9fdecd0 1070       3       sun.security.util.math.intpoly.IntegerPolynomial::get0 (5 bytes)
Event: 2.499 Thread 0x000001b7f9fdecd0 nmethod 1070 0x000001b78019f110 code [0x000001b78019f2c0, 0x000001b78019f5b0]
Event: 2.500 Thread 0x000001b7ff220220 nmethod 1058 0x000001b787b2a810 code [0x000001b787b2a9c0, 0x000001b787b2af18]
Event: 2.500 Thread 0x000001b7ff220220 1052       4       sun.security.util.math.intpoly.IntegerPolynomialP256::reduce (40 bytes)
Event: 2.502 Thread 0x000001b7ff220220 nmethod 1052 0x000001b787b2b090 code [0x000001b787b2b220, 0x000001b787b2b358]
Event: 2.503 Thread 0x000001b7ff220220 1071       4       sun.security.ec.ECOperations::setDouble (463 bytes)
Event: 2.515 Thread 0x000001b7f9fd9e20 nmethod 1062 0x000001b787b2b490 code [0x000001b787b2b680, 0x000001b787b2c040]
Event: 2.515 Thread 0x000001b7f9fd9e20 1072       4       sun.security.util.math.intpoly.IntegerPolynomial$MutableElement::setAdditiveInverse (32 bytes)
Event: 2.518 Thread 0x000001b7ff29f190 nmethod 1068 0x000001b787b2c510 code [0x000001b787b2c700, 0x000001b787b2d248]
Event: 2.519 Thread 0x000001b7f9fd9e20 nmethod 1072 0x000001b787b2d890 code [0x000001b787b2da20, 0x000001b787b2dc10]
Event: 2.523 Thread 0x000001b7f9fdecd0 1073       3       sun.security.ec.ECOperations$PointMultiplier$Secp256R1GeneratorMultiplier::bit (13 bytes)
Event: 2.523 Thread 0x000001b7f9fdecd0 nmethod 1073 0x000001b78019f710 code [0x000001b78019f8a0, 0x000001b78019f9c8]
Event: 2.523 Thread 0x000001b7f9fdecd0 1074       3       java.nio.HeapByteBuffer::get (14 bytes)
Event: 2.523 Thread 0x000001b7f9fdecd0 nmethod 1074 0x000001b78019fa90 code [0x000001b78019fc60, 0x000001b78019ff38]
Event: 2.523 Thread 0x000001b7f9fdecd0 1075       3       java.nio.Buffer::nextGetIndex (30 bytes)
Event: 2.523 Thread 0x000001b7f9fdecd0 nmethod 1075 0x000001b7801a0110 code [0x000001b7801a02c0, 0x000001b7801a0490]
Event: 2.524 Thread 0x000001b7f9fdecd0 1076       3       java.util.LinkedList$ListItr::hasNext (20 bytes)
Event: 2.524 Thread 0x000001b7f9fdecd0 nmethod 1076 0x000001b7801a0590 code [0x000001b7801a0740, 0x000001b7801a08b0]
Event: 2.524 Thread 0x000001b7f9fdecd0 1077       3       java.lang.Enum::hashCode (21 bytes)
Event: 2.524 Thread 0x000001b7f9fdecd0 nmethod 1077 0x000001b7801a0990 code [0x000001b7801a0b40, 0x000001b7801a0cc8]

GC Heap History (0 events):
No events

Dll operation events (2 events):
Event: 0.007 Loaded shared library D:\PyCharm Community Edition 2024.2.1\jbr\bin\java.dll
Event: 0.036 Loaded shared library D:\PyCharm Community Edition 2024.2.1\jbr\bin\zip.dll

Deoptimization events (8 events):
Event: 1.007 Thread 0x000001b7ebff1800 Uncommon trap: trap_request=0xffffff45 fr.pc=0x000001b787ae2e1c relative=0x000000000000007c
Event: 1.007 Thread 0x000001b7ebff1800 Uncommon trap: reason=unstable_if action=reinterpret pc=0x000001b787ae2e1c method=java.lang.CharacterDataLatin1.toLowerCase(I)I @ 16 c2
Event: 1.007 Thread 0x000001b7ebff1800 DEOPT PACKING pc=0x000001b787ae2e1c sp=0x000000b5963fb310
Event: 1.007 Thread 0x000001b7ebff1800 DEOPT UNPACKING pc=0x000001b7875846a2 sp=0x000000b5963fb2a0 mode 2
Event: 1.334 Thread 0x000001b7ebff1800 DEOPT PACKING pc=0x000001b78003eb07 sp=0x000000b5963fe0d0
Event: 1.334 Thread 0x000001b7ebff1800 DEOPT UNPACKING pc=0x000001b787584e42 sp=0x000000b5963fd568 mode 0
Event: 1.622 Thread 0x000001b7ebff1800 DEOPT PACKING pc=0x000001b780017ecc sp=0x000000b5963fccd0
Event: 1.622 Thread 0x000001b7ebff1800 DEOPT UNPACKING pc=0x000001b787584e42 sp=0x000000b5963fc0f0 mode 0

Classes loaded (20 events):
Event: 2.525 Loading class sun/security/ssl/OutputRecord$T13PaddingHolder
Event: 2.525 Loading class sun/security/ssl/OutputRecord$T13PaddingHolder done
Event: 2.525 Loading class sun/security/ssl/Ciphertext
Event: 2.525 Loading class sun/security/ssl/Ciphertext done
Event: 2.525 Loading class sun/security/ssl/PostHandshakeContext
Event: 2.525 Loading class sun/security/ssl/PostHandshakeContext done
Event: 2.525 Loading class javax/net/ssl/SSLEngineResult$Status
Event: 2.525 Loading class javax/net/ssl/SSLEngineResult$Status done
Event: 2.525 Loading class javax/net/ssl/SSLEngineResult
Event: 2.525 Loading class javax/net/ssl/SSLEngineResult done
Event: 2.525 Loading class java/lang/NoSuchFieldError
Event: 2.525 Loading class java/lang/NoSuchFieldError done
Event: 2.526 Loading class sun/nio/ch/IOVecWrapper
Event: 2.526 Loading class sun/nio/ch/IOVecWrapper done
Event: 2.526 Loading class sun/nio/ch/AllocatedNativeObject
Event: 2.526 Loading class sun/nio/ch/NativeObject
Event: 2.526 Loading class sun/nio/ch/NativeObject done
Event: 2.526 Loading class sun/nio/ch/AllocatedNativeObject done
Event: 2.526 Loading class sun/nio/ch/IOVecWrapper$Deallocator
Event: 2.526 Loading class sun/nio/ch/IOVecWrapper$Deallocator done

Classes unloaded (0 events):
No events

Classes redefined (0 events):
No events

Internal exceptions (20 events):
Event: 1.625 Thread 0x000001b7ebff1800 Exception <a 'java/lang/NoSuchMethodError'{0x0000000711063000}: 'int java.lang.invoke.DirectMethodHandle$Holder.invokeStaticInit(java.lang.Object, int, int)'> (0x0000000711063000) 
thrown [s\src\hotspot\share\interpreter\linkResolver.cpp, line 784]
Event: 1.626 Thread 0x000001b7ebff1800 Exception <a 'java/lang/NoSuchMethodError'{0x000000071106a610}: 'int java.lang.invoke.DirectMethodHandle$Holder.invokeStaticInit(java.lang.Object, long, long)'> (0x000000071106a610) 
thrown [s\src\hotspot\share\interpreter\linkResolver.cpp, line 784]
Event: 1.627 Thread 0x000001b7ebff1800 Exception <a 'java/lang/NoSuchMethodError'{0x0000000711071300}: 'int java.lang.invoke.DirectMethodHandle$Holder.invokeStaticInit(java.lang.Object, float, float)'> (0x0000000711071300) 
thrown [s\src\hotspot\share\interpreter\linkResolver.cpp, line 784]
Event: 1.627 Thread 0x000001b7ebff1800 Exception <a 'java/lang/NoSuchMethodError'{0x0000000711077d90}: 'int java.lang.invoke.DirectMethodHandle$Holder.invokeStaticInit(java.lang.Object, double, double)'> (0x0000000711077d90) 
thrown [s\src\hotspot\share\interpreter\linkResolver.cpp, line 784]
Event: 1.628 Thread 0x000001b7ebff1800 Exception <a 'java/lang/NoSuchMethodError'{0x000000071107c418}: 'int java.lang.invoke.DirectMethodHandle$Holder.invokeStatic(java.lang.Object, long)'> (0x000000071107c418) 
thrown [s\src\hotspot\share\interpreter\linkResolver.cpp, line 784]
Event: 1.642 Thread 0x000001b7ebff1800 Exception <a 'java/lang/NoSuchMethodError'{0x00000007110a5f90}: 'java.lang.Object java.lang.invoke.DirectMethodHandle$Holder.invokeSpecial(java.lang.Object, java.lang.Object, int, java.lang.Object, java.lang.Object)'> (0x00000007110a5f90) 
thrown [s\src\hotspot\share\interpreter\linkResolver.cpp, line 784]
Event: 1.642 Thread 0x000001b7ebff1800 Exception <a 'java/lang/NoSuchMethodError'{0x00000007110a9920}: 'java.lang.Object java.lang.invoke.DelegatingMethodHandle$Holder.delegate(java.lang.Object, int, java.lang.Object, java.lang.Object)'> (0x00000007110a9920) 
thrown [s\src\hotspot\share\interpreter\linkResolver.cpp, line 784]
Event: 1.646 Thread 0x000001b7ebff1800 Exception <a 'java/lang/NoSuchMethodError'{0x00000007110b8c40}: 'int java.lang.invoke.Invokers$Holder.linkToTargetMethod(java.lang.Object, java.lang.Object, java.lang.Object)'> (0x00000007110b8c40) 
thrown [s\src\hotspot\share\interpreter\linkResolver.cpp, line 784]
Event: 1.651 Thread 0x000001b7ebff1800 Exception <a 'java/lang/NoSuchMethodError'{0x00000007110eac08}: 'long java.lang.invoke.DirectMethodHandle$Holder.invokeSpecial(java.lang.Object, java.lang.Object)'> (0x00000007110eac08) 
thrown [s\src\hotspot\share\interpreter\linkResolver.cpp, line 784]
Event: 1.652 Thread 0x000001b7ebff1800 Exception <a 'java/lang/NoSuchMethodError'{0x00000007110f14d8}: 'int java.lang.invoke.DirectMethodHandle$Holder.invokeStatic(java.lang.Object, java.lang.Object, java.lang.Object, java.lang.Object)'> (0x00000007110f14d8) 
thrown [s\src\hotspot\share\interpreter\linkResolver.cpp, line 784]
Event: 1.653 Thread 0x000001b7ebff1800 Exception <a 'java/lang/NoSuchMethodError'{0x00000007110f48f8}: 'java.lang.Object java.lang.invoke.Invokers$Holder.invokeExact_MT(java.lang.Object, java.lang.Object, java.lang.Object, java.lang.Object, java.lang.Object, java.lang.Object)'> (0x00000007110f48f8) 
thrown [s\src\hotspot\share\interpreter\linkResolver.cpp, line 784]
Event: 2.198 Thread 0x000001b7ebff1800 Exception <a 'java/lang/NoSuchMethodError'{0x0000000710f79280}: 'java.lang.Object java.lang.invoke.DirectMethodHandle$Holder.newInvokeSpecial(java.lang.Object, java.lang.Object, java.lang.Object, java.lang.Object, java.lang.Object)'> (0x0000000710f79280) 
thrown [s\src\hotspot\share\interpreter\linkResolver.cpp, line 784]
Event: 2.256 Thread 0x000001b7ebff1800 Exception <a 'java/lang/NoSuchMethodError'{0x0000000710d00c78}: 'java.lang.Object java.lang.invoke.DirectMethodHandle$Holder.invokeSpecial(java.lang.Object, java.lang.Object, java.lang.Object, java.lang.Object, int)'> (0x0000000710d00c78) 
thrown [s\src\hotspot\share\interpreter\linkResolver.cpp, line 784]
Event: 2.256 Thread 0x000001b7ebff1800 Exception <a 'java/lang/NoSuchMethodError'{0x0000000710d045e0}: 'java.lang.Object java.lang.invoke.Invokers$Holder.linkToTargetMethod(java.lang.Object, java.lang.Object, int, java.lang.Object)'> (0x0000000710d045e0) 
thrown [s\src\hotspot\share\interpreter\linkResolver.cpp, line 784]
Event: 2.282 Thread 0x000001b7ebff1800 Exception <a 'java/lang/NoSuchMethodError'{0x0000000710d32688}: 'void java.lang.invoke.DirectMethodHandle$Holder.invokeSpecial(java.lang.Object, java.lang.Object, java.lang.Object)'> (0x0000000710d32688) 
thrown [s\src\hotspot\share\interpreter\linkResolver.cpp, line 784]
Event: 2.306 Thread 0x000001b7ebff1800 Exception <a 'java/lang/NoSuchMethodError'{0x0000000710dc2688}: 'void java.lang.invoke.DirectMethodHandle$Holder.invokeSpecial(java.lang.Object, java.lang.Object, java.lang.Object, java.lang.Object, java.lang.Object)'> (0x0000000710dc2688) 
thrown [s\src\hotspot\share\interpreter\linkResolver.cpp, line 784]
Event: 2.334 Thread 0x000001b7ff0e1550 Exception <a 'java/lang/NoSuchMethodError'{0x0000000710f02a58}: 'void java.lang.invoke.DirectMethodHandle$Holder.invokeStatic(java.lang.Object, java.lang.Object, int)'> (0x0000000710f02a58) 
thrown [s\src\hotspot\share\interpreter\linkResolver.cpp, line 784]
Event: 2.340 Thread 0x000001b7ff0e1550 Exception <a 'java/lang/NoSuchMethodError'{0x0000000710f39fd8}: 'void java.lang.invoke.DirectMethodHandle$Holder.invokeStatic(java.lang.Object, java.lang.Object)'> (0x0000000710f39fd8) 
thrown [s\src\hotspot\share\interpreter\linkResolver.cpp, line 784]
Event: 2.342 Thread 0x000001b7ff141f70 Exception <a 'java/lang/NoSuchMethodError'{0x0000000710a24178}: 'void java.lang.invoke.DirectMethodHandle$Holder.invokeInterface(java.lang.Object, java.lang.Object, java.lang.Object)'> (0x0000000710a24178) 
thrown [s\src\hotspot\share\interpreter\linkResolver.cpp, line 784]
Event: 2.348 Thread 0x000001b7ff141f70 Exception <a 'java/lang/NoSuchMethodError'{0x0000000710a73630}: 'void java.lang.invoke.DirectMethodHandle$Holder.invokeVirtual(java.lang.Object, java.lang.Object)'> (0x0000000710a73630) 
thrown [s\src\hotspot\share\interpreter\linkResolver.cpp, line 784]

ZGC Phase Switch (0 events):
No events

VM Operations (12 events):
Event: 0.487 Executing VM operation: HandshakeAllThreads (Deoptimize)
Event: 0.487 Executing VM operation: HandshakeAllThreads (Deoptimize) done
Event: 0.529 Executing VM operation: HandshakeAllThreads (Deoptimize)
Event: 0.529 Executing VM operation: HandshakeAllThreads (Deoptimize) done
Event: 1.311 Executing VM operation: HandshakeAllThreads (Deoptimize)
Event: 1.312 Executing VM operation: HandshakeAllThreads (Deoptimize) done
Event: 1.312 Executing VM operation: Cleanup
Event: 1.312 Executing VM operation: Cleanup done
Event: 2.317 Executing VM operation: Cleanup
Event: 2.332 Executing VM operation: Cleanup done
Event: 2.335 Executing VM operation: HandshakeAllThreads (Deoptimize)
Event: 2.335 Executing VM operation: HandshakeAllThreads (Deoptimize) done

Memory protections (0 events):
No events

Nmethod flushes (0 events):
No events

Events (20 events):
Event: 0.039 Thread 0x000001b7ebff1800 Thread added: 0x000001b7f9fc5c40
Event: 0.039 Thread 0x000001b7ebff1800 Thread added: 0x000001b7f9fc7c80
Event: 0.040 Thread 0x000001b7ebff1800 Thread added: 0x000001b7f9fca6e0
Event: 0.040 Thread 0x000001b7ebff1800 Thread added: 0x000001b7f9fcd140
Event: 0.040 Thread 0x000001b7ebff1800 Thread added: 0x000001b7f9fcdb90
Event: 0.040 Thread 0x000001b7ebff1800 Thread added: 0x000001b7f9fd9e20
Event: 0.040 Thread 0x000001b7ebff1800 Thread added: 0x000001b7f9fdecd0
Event: 0.055 Thread 0x000001b7ebff1800 Thread added: 0x000001b7fa254650
Event: 0.057 Thread 0x000001b7ebff1800 Thread added: 0x000001b7fa276a70
Event: 0.060 Loaded shared library D:\PyCharm Community Edition 2024.2.1\jbr\bin\net.dll
Event: 0.062 Loaded shared library D:\PyCharm Community Edition 2024.2.1\jbr\bin\nio.dll
Event: 0.343 Loaded shared library D:\PyCharm Community Edition 2024.2.1\jbr\bin\zip.dll
Event: 0.697 Loaded shared library D:\PyCharm Community Edition 2024.2.1\jbr\bin\jimage.dll
Event: 1.847 Loaded shared library D:\PyCharm Community Edition 2024.2.1\jbr\bin\sunmscapi.dll
Event: 2.157 Loaded shared library D:\PyCharm Community Edition 2024.2.1\jbr\bin\extnet.dll
Event: 2.184 Thread 0x000001b7ebff1800 Thread added: 0x000001b7ff0e1550
Event: 2.340 Thread 0x000001b7ff0e1550 Thread added: 0x000001b7ff141f70
Event: 2.355 Thread 0x000001b7ff0e1550 Thread added: 0x000001b7ff15c820
Event: 2.466 Thread 0x000001b7f9fdecd0 Thread added: 0x000001b7ff29f190
Event: 2.468 Thread 0x000001b7f9fdecd0 Thread added: 0x000001b7ff220220


Dynamic libraries:
0x00007ff7bd470000 - 0x00007ff7bd47a000 	D:\PyCharm Community Edition 2024.2.1\jbr\bin\java.exe
0x00007ffd14f10000 - 0x00007ffd15108000 	C:\WINDOWS\SYSTEM32\ntdll.dll
0x00007ffd149c0000 - 0x00007ffd14a82000 	C:\WINDOWS\System32\KERNEL32.DLL
0x00007ffd12820000 - 0x00007ffd12b16000 	C:\WINDOWS\System32\KERNELBASE.dll
0x00007ffd12ba0000 - 0x00007ffd12ca0000 	C:\WINDOWS\System32\ucrtbase.dll
0x00007ffce4160000 - 0x00007ffce4178000 	D:\PyCharm Community Edition 2024.2.1\jbr\bin\jli.dll
0x00007ffcf5060000 - 0x00007ffcf507b000 	D:\PyCharm Community Edition 2024.2.1\jbr\bin\VCRUNTIME140.dll
0x00007ffd14ba0000 - 0x00007ffd14d3d000 	C:\WINDOWS\System32\USER32.dll
0x00007ffd12df0000 - 0x00007ffd12e12000 	C:\WINDOWS\System32\win32u.dll
0x00007ffcfce40000 - 0x00007ffcfd0da000 	C:\WINDOWS\WinSxS\amd64_microsoft.windows.common-controls_6595b64144ccf1df_6.0.19041.4355_none_60b8b9eb71f62e16\COMCTL32.dll
0x00007ffd136c0000 - 0x00007ffd136eb000 	C:\WINDOWS\System32\GDI32.dll
0x00007ffd136f0000 - 0x00007ffd1378e000 	C:\WINDOWS\System32\msvcrt.dll
0x00007ffd125a0000 - 0x00007ffd126ba000 	C:\WINDOWS\System32\gdi32full.dll
0x00007ffd12d50000 - 0x00007ffd12ded000 	C:\WINDOWS\System32\msvcp_win.dll
0x00007ffd148f0000 - 0x00007ffd1491f000 	C:\WINDOWS\System32\IMM32.DLL
0x00007ffd0afa0000 - 0x00007ffd0afac000 	D:\PyCharm Community Edition 2024.2.1\jbr\bin\vcruntime140_1.dll
0x00007ffcc3280000 - 0x00007ffcc330d000 	D:\PyCharm Community Edition 2024.2.1\jbr\bin\msvcp140.dll
0x00007ffc79390000 - 0x00007ffc7a151000 	D:\PyCharm Community Edition 2024.2.1\jbr\bin\server\jvm.dll
0x00007ffd14a90000 - 0x00007ffd14b3f000 	C:\WINDOWS\System32\ADVAPI32.dll
0x00007ffd13d80000 - 0x00007ffd13e1f000 	C:\WINDOWS\System32\sechost.dll
0x00007ffd12f30000 - 0x00007ffd13053000 	C:\WINDOWS\System32\RPCRT4.dll
0x00007ffd12f00000 - 0x00007ffd12f27000 	C:\WINDOWS\System32\bcrypt.dll
0x00007ffd14110000 - 0x00007ffd1417b000 	C:\WINDOWS\System32\WS2_32.dll
0x00007ffd12400000 - 0x00007ffd1244b000 	C:\WINDOWS\SYSTEM32\POWRPROF.dll
0x00007ffd06870000 - 0x00007ffd06897000 	C:\WINDOWS\SYSTEM32\WINMM.dll
0x00007ffd0a270000 - 0x00007ffd0a27a000 	C:\WINDOWS\SYSTEM32\VERSION.dll
0x00007ffd123e0000 - 0x00007ffd123f2000 	C:\WINDOWS\SYSTEM32\UMPDC.dll
0x00007ffd10e10000 - 0x00007ffd10e22000 	C:\WINDOWS\SYSTEM32\kernel.appcore.dll
0x00007ffcfa890000 - 0x00007ffcfa89a000 	D:\PyCharm Community Edition 2024.2.1\jbr\bin\jimage.dll
0x00007ffd10160000 - 0x00007ffd10344000 	C:\WINDOWS\SYSTEM32\DBGHELP.DLL
0x00007ffcf6ab0000 - 0x00007ffcf6ae4000 	C:\WINDOWS\SYSTEM32\dbgcore.DLL
0x00007ffd12e20000 - 0x00007ffd12ea2000 	C:\WINDOWS\System32\bcryptPrimitives.dll
0x00007ffcf4fe0000 - 0x00007ffcf5000000 	D:\PyCharm Community Edition 2024.2.1\jbr\bin\java.dll
0x00007ffd14180000 - 0x00007ffd148ef000 	C:\WINDOWS\System32\SHELL32.dll
0x00007ffd10350000 - 0x00007ffd10af3000 	C:\WINDOWS\SYSTEM32\windows.storage.dll
0x00007ffd13790000 - 0x00007ffd13ae5000 	C:\WINDOWS\System32\combase.dll
0x00007ffd11f00000 - 0x00007ffd11f2b000 	C:\WINDOWS\SYSTEM32\Wldp.dll
0x00007ffd13bd0000 - 0x00007ffd13c9d000 	C:\WINDOWS\System32\OLEAUT32.dll
0x00007ffd13060000 - 0x00007ffd1310d000 	C:\WINDOWS\System32\SHCORE.dll
0x00007ffd13ca0000 - 0x00007ffd13cf5000 	C:\WINDOWS\System32\shlwapi.dll
0x00007ffd124d0000 - 0x00007ffd124f5000 	C:\WINDOWS\SYSTEM32\profapi.dll
0x00007ffcf4f30000 - 0x00007ffcf4f48000 	D:\PyCharm Community Edition 2024.2.1\jbr\bin\zip.dll
0x00007ffcfa720000 - 0x00007ffcfa730000 	D:\PyCharm Community Edition 2024.2.1\jbr\bin\net.dll
0x00007ffd0a000000 - 0x00007ffd0a10a000 	C:\WINDOWS\SYSTEM32\WINHTTP.dll
0x00007ffd11c60000 - 0x00007ffd11ccc000 	C:\WINDOWS\system32\mswsock.dll
0x00007ffce9af0000 - 0x00007ffce9b06000 	D:\PyCharm Community Edition 2024.2.1\jbr\bin\nio.dll
0x00007ffd11e50000 - 0x00007ffd11e68000 	C:\WINDOWS\SYSTEM32\CRYPTSP.dll
0x00007ffd11580000 - 0x00007ffd115b8000 	C:\WINDOWS\system32\rsaenh.dll
0x00007ffd12450000 - 0x00007ffd1247e000 	C:\WINDOWS\SYSTEM32\USERENV.dll
0x00007ffd11e70000 - 0x00007ffd11e7c000 	C:\WINDOWS\SYSTEM32\CRYPTBASE.dll
0x00007ffd11940000 - 0x00007ffd1197b000 	C:\WINDOWS\SYSTEM32\IPHLPAPI.DLL
0x00007ffd13bc0000 - 0x00007ffd13bc8000 	C:\WINDOWS\System32\NSI.dll
0x00007ffcf4ed0000 - 0x00007ffcf4ede000 	D:\PyCharm Community Edition 2024.2.1\jbr\bin\sunmscapi.dll
0x00007ffd126c0000 - 0x00007ffd1281d000 	C:\WINDOWS\System32\CRYPT32.dll
0x00007ffd11f70000 - 0x00007ffd11f97000 	C:\WINDOWS\SYSTEM32\ncrypt.dll
0x00007ffd11f30000 - 0x00007ffd11f6b000 	C:\WINDOWS\SYSTEM32\NTASN1.dll
0x00007ffce9780000 - 0x00007ffce9787000 	C:\WINDOWS\system32\wshunix.dll
0x00007ffce9770000 - 0x00007ffce9779000 	D:\PyCharm Community Edition 2024.2.1\jbr\bin\extnet.dll

dbghelp: loaded successfully - version: 4.0.5 - missing functions: none
symbol engine: initialized successfully - sym options: 0x614 - pdb path: .;D:\PyCharm Community Edition 2024.2.1\jbr\bin;C:\WINDOWS\SYSTEM32;C:\WINDOWS\WinSxS\amd64_microsoft.windows.common-controls_6595b64144ccf1df_6.0.19041.4355_none_60b8b9eb71f62e16;D:\PyCharm Community Edition 2024.2.1\jbr\bin\server

VM Arguments:
java_command: git4idea.http.GitAskPassApp Username for 'https://github.com': 
java_class_path (initial): D:/PyCharm Community Edition 2024.2.1/plugins/vcs-git/lib/git4idea-rt.jar;D:/PyCharm Community Edition 2024.2.1/lib/externalProcess-rt.jar
Launcher Type: SUN_STANDARD

[Global flags]
     intx CICompilerCount                          = 4                                         {product} {ergonomic}
     uint ConcGCThreads                            = 2                                         {product} {ergonomic}
     uint G1ConcRefinementThreads                  = 8                                         {product} {ergonomic}
   size_t G1HeapRegionSize                         = 2097152                                   {product} {ergonomic}
    uintx GCDrainStackTargetSize                   = 64                                        {product} {ergonomic}
   size_t InitialHeapSize                          = 268435456                                 {product} {ergonomic}
   size_t MarkStackSize                            = 4194304                                   {product} {ergonomic}
   size_t MaxHeapSize                              = 4269801472                                {product} {ergonomic}
   size_t MaxNewSize                               = 2560622592                                {product} {ergonomic}
   size_t MinHeapDeltaBytes                        = 2097152                                   {product} {ergonomic}
   size_t MinHeapSize                              = 8388608                                   {product} {ergonomic}
    uintx NonNMethodCodeHeapSize                   = 5839372                                {pd product} {ergonomic}
    uintx NonProfiledCodeHeapSize                  = 122909434                              {pd product} {ergonomic}
    uintx ProfiledCodeHeapSize                     = 122909434                              {pd product} {ergonomic}
    uintx ReservedCodeCacheSize                    = 251658240                              {pd product} {ergonomic}
     bool SegmentedCodeCache                       = true                                      {product} {ergonomic}
   size_t SoftMaxHeapSize                          = 4269801472                             {manageable} {ergonomic}
     bool UseCompressedOops                        = true                           {product lp64_product} {ergonomic}
     bool UseG1GC                                  = true                                      {product} {ergonomic}
     bool UseLargePagesIndividualAllocation        = false                                  {pd product} {ergonomic}

Logging:
Log output configuration:
 #0: stdout all=warning uptime,level,tags foldmultilines=false
 #1: stderr all=off uptime,level,tags foldmultilines=false

Environment Variables:
JAVA_HOME=C:\Program Files\Java\jdk-10.0.1
PATH=C:\Program Files\Git\mingw64\libexec\git-core;C:\Program Files\Git\mingw64\libexec\git-core;C:\Program Files\Git\mingw64\bin;C:\Program Files\Git\usr\bin;C:\Users\lajsm\bin;D:\PythonProject\skillfactory\.venv\Scripts;D:\app\lajsman\product\12.2.0\dbhome_1\bin;D:\app\client\lajsm\product\12.2.0\client_1\bin;C:\Program Files (x86)\Common Files\Oracle\Java\javapath;C:\Program Files (x86)\Intel\iCLS Client;C:\Program Files\Intel\iCLS Client;C:\Windows\system32;C:\Windows;C:\Windows\System32\Wbem;C:\Windows\System32\WindowsPowerShell\v1.0;C:\Program Files (x86)\Intel\Intel(R) Management Engine Components\DAL;C:\Program Files\Intel\Intel(R) Management Engine Components\DAL;C:\Program Files (x86)\Intel\Intel(R) Management Engine Components\IPT;C:\Program Files\Intel\Intel(R) Management Engine Components\IPT;C:\Program Files\Intel\WiFi\bin;C:\Program Files\Common Files\Intel\WirelessCommon;C:\WINDOWS\system32;C:\WINDOWS;C:\WINDOWS\System32\Wbem;C:\WINDOWS\System32\WindowsPowerShell\v1.0;C:\Program Files (x86)\GtkSharp\2.12\bin;C:\Program Files (x86)\NVIDIA Corporation\PhysX\Common;C:\Program Files\dotnet;C:\Program Files\Microsoft SQL Server\130\Tools\Binn;C:\WINDOWS\System32\OpenSSH;C:\Program Files\Microsoft VS Code\bin;C:\Program Files\Common Files\Autodesk Shared;C:\Program Files (x86)\Autodesk\Backburner;C:\WINDOWS\system32;C:\WINDOWS;C:\WINDOWS\System32\Wbem;C:\WINDOWS\System32\WindowsPowerShell\v1.0;C:\WINDOWS\System32\OpenSSH;C:\Program Files\WireGuard;C:\Program Files\Git\cmd;C:\Program Files\NVIDIA Corporation\NVIDIA App\NvDLISR;C:\Program Files\MySQL\MySQL Shell 8.0\bin;C:\Python 3.12.3\Scripts;C:\Python 3.12.3;C:\Users\lajsm\AppData\Local\Programs\Python\Launcher;C:\Users\lajsm\AppData\Local\Microsoft\WindowsApps
USERNAME=lajsm
DISPLAY=:0.0
LC_ALL=en_US.UTF-8
TERM=xterm-256color
TMPDIR=C:\Users\lajsm\AppData\Local\Temp
OS=Windows_NT
PROCESSOR_IDENTIFIER=Intel64 Family 6 Model 94 Stepping 3, GenuineIntel
TMP=C:\Users\lajsm\AppData\Local\Temp
TEMP=C:\Users\lajsm\AppData\Local\Temp




Periodic native trim disabled

JNI global refs:
JNI global refs: 21, weak refs: 0

JNI global refs memory usage: 835, weak refs: 833

Process memory usage:
Resident Set Size: 84268K (0% of 16673296K total physical memory with 3968396K free physical memory)

OOME stack traces (most recent first):
Classloader memory used:
Loader bootstrap                                                                       : 6586K
Loader jdk.internal.loader.ClassLoaders$PlatformClassLoader                            : 1866K
Loader jdk.internal.loader.ClassLoaders$AppClassLoader                                 : 16400B

---------------  S Y S T E M  ---------------

OS:
 Windows 10 , 64 bit Build 19041 (10.0.19041.5678)
OS uptime: 2 days 17:30 hours

CPU: total 8 (initial active 8) (4 cores per cpu, 2 threads per core) family 6 model 94 stepping 3 microcode 0xcc, cx8, cmov, fxsr, ht, mmx, 3dnowpref, sse, sse2, sse3, ssse3, sse4.1, sse4.2, popcnt, lzcnt, tsc, tscinvbit, avx, avx2, aes, erms, clmul, bmi1, bmi2, rtm, adx, fma, vzeroupper, clflush, clflushopt, rdtscp, f16c
Processor Information for the first 8 processors :
  Max Mhz: 2592, Current Mhz: 2592, Mhz Limit: 2592

Memory: 4k page, system-wide physical 16282M (3875M free)
TotalPageFile size 18330M (AvailPageFile size 6M)
current process WorkingSet (physical memory assigned to process): 82M, peak: 82M
current process commit charge ("private bytes"): 365M, peak: 366M

vm_info: OpenJDK 64-Bit Server VM (21.0.6+9-b895.109) for windows-amd64 JRE (21.0.6+9-b895.109), built on 2025-03-26 by "builduser" with MS VC++ 16.10 / 16.11 (VS2019)

END.
